     Assembly listing for: Quiz_2.mas
                Assembled: Tue Apr 17 20:00:34 PDT 2018

         |                          // Steven Reeves
         |                          // Quiz 2
         |                          // CST 131
         |                          
000 5000 |         INPUT             
001 2006 |         STORE x           
002 0008 |         JNS add100        
003 1006 |         LOAD x            
004 6000 |         OUTPUT            
005 7000 |         HALT              
         |                          	
006 0000 |  x      DEC 0             
007 0064 |  HUND   DEC 100           
         |                          
008 0000 |  add100 HEX 0            // Store return address here
009 1006 |         LOAD x           // Do things here
00A 3007 |         ADD HUND          
00B 2006 |         STORE x           
00C C008 |         JUMPI add100      

Assembly successful.

         SYMBOL TABLE
         --------------------------------------------------
          Symbol | Defined | References 
         --------+---------+-------------------------------
          HUND   |   007   | 00A
          add100 |   008   | 002, 00C
          x      |   006   | 001, 003, 009, 00B
         --------------------------------------------------

